<?xml version="1.0" encoding="UTF-8"?>
<!-- Generated by org.testng.reporters.JUnitReportReporter -->
<testsuite hostname="Lenovo-PC" name="com.testng.SampleTest" tests="3" failures="0" timestamp="28 Jun 2018 16:24:51 GMT" time="0.016" errors="0">
  <testcase name="f2" time="0.003" classname="com.testng.SampleTest"/>
  <testcase name="f3" time="0.002" classname="com.testng.SampleTest"/>
  <testcase name="f1" time="0.011" classname="com.testng.SampleTest"/>
</testsuite> <!-- com.testng.SampleTest -->
