<?xml version="1.0" encoding="UTF-8"?>
<!-- Generated by org.testng.reporters.JUnitReportReporter -->
<testsuite hostname="Lenovo-PC" name="com.testng.DataProviderTestNG" tests="3" failures="0" timestamp="5 Sep 2018 16:33:45 GMT" time="47.657" errors="0">
  <testcase name="calculate" time="15.757" classname="com.testng.DataProviderTestNG"/>
  <testcase name="calculate" time="14.716" classname="com.testng.DataProviderTestNG"/>
  <testcase name="calculate" time="17.184" classname="com.testng.DataProviderTestNG"/>
</testsuite> <!-- com.testng.DataProviderTestNG -->
